Copyright 1986-2022 Xilinx, Inc. All Rights Reserved. Copyright 2022-2025 Advanced Micro Devices, Inc. All Rights Reserved.
-----------------------------------------------------------------------------------------------------------------------------------------------------------
| Tool Version : Vivado v.2025.1 (win64) Build 6140274 Thu May 22 00:12:29 MDT 2025
| Date         : Mon Jun  8 10:33:55 2026
| Host         : Cheshire02 running 64-bit major release  (build 9200)
| Command      : report_methodology -file ALU_TOP_methodology_drc_routed.rpt -pb ALU_TOP_methodology_drc_routed.pb -rpx ALU_TOP_methodology_drc_routed.rpx
| Design       : ALU_TOP
| Device       : xc7a100tcsg324-2L
| Speed File   : -2L
| Design State : Fully Routed
-----------------------------------------------------------------------------------------------------------------------------------------------------------

Report Methodology

Table of Contents
-----------------
1. REPORT SUMMARY
2. REPORT DETAILS

1. REPORT SUMMARY
-----------------
            Netlist: netlist
          Floorplan: design_1
      Design limits: <entire design considered>
             Max checks: <unlimited>
             Checks found: 36
+-----------+----------+-------------------------------+--------+
| Rule      | Severity | Description                   | Checks |
+-----------+----------+-------------------------------+--------+
| TIMING-18 | Warning  | Missing input or output delay | 36     |
+-----------+----------+-------------------------------+--------+

2. REPORT DETAILS
-----------------
TIMING-18#1 Warning
Missing input or output delay  
An output delay is missing on LED[0] relative to the rising and/or falling clock edge(s) of clk_100M.
Related violations: <none>

TIMING-18#2 Warning
Missing input or output delay  
An output delay is missing on LED[10] relative to the rising and/or falling clock edge(s) of clk_100M.
Related violations: <none>

TIMING-18#3 Warning
Missing input or output delay  
An output delay is missing on LED[11] relative to the rising and/or falling clock edge(s) of clk_100M.
Related violations: <none>

TIMING-18#4 Warning
Missing input or output delay  
An output delay is missing on LED[12] relative to the rising and/or falling clock edge(s) of clk_100M.
Related violations: <none>

TIMING-18#5 Warning
Missing input or output delay  
An output delay is missing on LED[13] relative to the rising and/or falling clock edge(s) of clk_100M.
Related violations: <none>

TIMING-18#6 Warning
Missing input or output delay  
An output delay is missing on LED[14] relative to the rising and/or falling clock edge(s) of clk_100M.
Related violations: <none>

TIMING-18#7 Warning
Missing input or output delay  
An output delay is missing on LED[15] relative to the rising and/or falling clock edge(s) of clk_100M.
Related violations: <none>

TIMING-18#8 Warning
Missing input or output delay  
An output delay is missing on LED[16] relative to the rising and/or falling clock edge(s) of clk_100M.
Related violations: <none>

TIMING-18#9 Warning
Missing input or output delay  
An output delay is missing on LED[17] relative to the rising and/or falling clock edge(s) of clk_100M.
Related violations: <none>

TIMING-18#10 Warning
Missing input or output delay  
An output delay is missing on LED[18] relative to the rising and/or falling clock edge(s) of clk_100M.
Related violations: <none>

TIMING-18#11 Warning
Missing input or output delay  
An output delay is missing on LED[19] relative to the rising and/or falling clock edge(s) of clk_100M.
Related violations: <none>

TIMING-18#12 Warning
Missing input or output delay  
An output delay is missing on LED[1] relative to the rising and/or falling clock edge(s) of clk_100M.
Related violations: <none>

TIMING-18#13 Warning
Missing input or output delay  
An output delay is missing on LED[20] relative to the rising and/or falling clock edge(s) of clk_100M.
Related violations: <none>

TIMING-18#14 Warning
Missing input or output delay  
An output delay is missing on LED[21] relative to the rising and/or falling clock edge(s) of clk_100M.
Related violations: <none>

TIMING-18#15 Warning
Missing input or output delay  
An output delay is missing on LED[22] relative to the rising and/or falling clock edge(s) of clk_100M.
Related violations: <none>

TIMING-18#16 Warning
Missing input or output delay  
An output delay is missing on LED[23] relative to the rising and/or falling clock edge(s) of clk_100M.
Related violations: <none>

TIMING-18#17 Warning
Missing input or output delay  
An output delay is missing on LED[24] relative to the rising and/or falling clock edge(s) of clk_100M.
Related violations: <none>

TIMING-18#18 Warning
Missing input or output delay  
An output delay is missing on LED[25] relative to the rising and/or falling clock edge(s) of clk_100M.
Related violations: <none>

TIMING-18#19 Warning
Missing input or output delay  
An output delay is missing on LED[26] relative to the rising and/or falling clock edge(s) of clk_100M.
Related violations: <none>

TIMING-18#20 Warning
Missing input or output delay  
An output delay is missing on LED[27] relative to the rising and/or falling clock edge(s) of clk_100M.
Related violations: <none>

TIMING-18#21 Warning
Missing input or output delay  
An output delay is missing on LED[28] relative to the rising and/or falling clock edge(s) of clk_100M.
Related violations: <none>

TIMING-18#22 Warning
Missing input or output delay  
An output delay is missing on LED[29] relative to the rising and/or falling clock edge(s) of clk_100M.
Related violations: <none>

TIMING-18#23 Warning
Missing input or output delay  
An output delay is missing on LED[2] relative to the rising and/or falling clock edge(s) of clk_100M.
Related violations: <none>

TIMING-18#24 Warning
Missing input or output delay  
An output delay is missing on LED[30] relative to the rising and/or falling clock edge(s) of clk_100M.
Related violations: <none>

TIMING-18#25 Warning
Missing input or output delay  
An output delay is missing on LED[31] relative to the rising and/or falling clock edge(s) of clk_100M.
Related violations: <none>

TIMING-18#26 Warning
Missing input or output delay  
An output delay is missing on LED[32] relative to the rising and/or falling clock edge(s) of clk_100M.
Related violations: <none>

TIMING-18#27 Warning
Missing input or output delay  
An output delay is missing on LED[33] relative to the rising and/or falling clock edge(s) of clk_100M.
Related violations: <none>

TIMING-18#28 Warning
Missing input or output delay  
An output delay is missing on LED[34] relative to the rising and/or falling clock edge(s) of clk_100M.
Related violations: <none>

TIMING-18#29 Warning
Missing input or output delay  
An output delay is missing on LED[35] relative to the rising and/or falling clock edge(s) of clk_100M.
Related violations: <none>

TIMING-18#30 Warning
Missing input or output delay  
An output delay is missing on LED[3] relative to the rising and/or falling clock edge(s) of clk_100M.
Related violations: <none>

TIMING-18#31 Warning
Missing input or output delay  
An output delay is missing on LED[4] relative to the rising and/or falling clock edge(s) of clk_100M.
Related violations: <none>

TIMING-18#32 Warning
Missing input or output delay  
An output delay is missing on LED[5] relative to the rising and/or falling clock edge(s) of clk_100M.
Related violations: <none>

TIMING-18#33 Warning
Missing input or output delay  
An output delay is missing on LED[6] relative to the rising and/or falling clock edge(s) of clk_100M.
Related violations: <none>

TIMING-18#34 Warning
Missing input or output delay  
An output delay is missing on LED[7] relative to the rising and/or falling clock edge(s) of clk_100M.
Related violations: <none>

TIMING-18#35 Warning
Missing input or output delay  
An output delay is missing on LED[8] relative to the rising and/or falling clock edge(s) of clk_100M.
Related violations: <none>

TIMING-18#36 Warning
Missing input or output delay  
An output delay is missing on LED[9] relative to the rising and/or falling clock edge(s) of clk_100M.
Related violations: <none>


